<?xml version="1.0" encoding="UTF-8"?>
<testng-results skipped="0" failed="0" total="1" passed="1">
  <reporter-output>
  </reporter-output>
  <suite name="Default suite" duration-ms="37196" started-at="2019-09-21T08:08:03Z" finished-at="2019-09-21T08:08:41Z">
    <groups>
    </groups>
    <test name="Default test" duration-ms="37196" started-at="2019-09-21T08:08:03Z" finished-at="2019-09-21T08:08:41Z">
      <class name="DriverFactory.AppTest">
        <test-method status="PASS" signature="startApp()[pri:0, instance:DriverFactory.AppTest@6fd02e5]" name="startApp" duration-ms="37176" started-at="2019-09-21T13:38:03Z" finished-at="2019-09-21T13:38:41Z">
          <reporter-output>
          </reporter-output>
        </test-method> <!-- startApp -->
      </class> <!-- DriverFactory.AppTest -->
    </test> <!-- Default test -->
  </suite> <!-- Default suite -->
</testng-results>
